<?xml version="1.0" encoding="UTF-8"?><testsuite failures="1" name="cucumber.runtime.formatter.JUnitFormatter" skipped="0" tests="1" time="229.610013">
<testcase classname="Sales Automation Organization feature" name="create Organization" time="229.610013">
<failure message="org.openqa.selenium.WebDriverException: chrome not reachable&#10;  (Session info: chrome=89.0.4389.82)&#10;Build info: version: '3.141.59', revision: 'e82be7d358', time: '2018-11-14T08:17:03'&#10;System info: host: 'DESKTOP-4GOC9V2', ip: '192.168.29.157', os.name: 'Windows 10', os.arch: 'amd64', os.version: '10.0', java.version: '1.8.0_281'&#10;Driver info: org.openqa.selenium.chrome.ChromeDriver&#10;Capabilities {acceptInsecureCerts: false, browserName: chrome, browserVersion: 89.0.4389.82, chrome: {chromedriverVersion: 89.0.4389.23 (61b08ee2c5002..., userDataDir: C:\Users\KARTHI~1\AppData\L...}, goog:chromeOptions: {debuggerAddress: localhost:52812}, javascriptEnabled: true, networkConnectionEnabled: false, pageLoadStrategy: normal, platform: WINDOWS, platformName: WINDOWS, proxy: Proxy(), setWindowRect: true, strictFileInteractability: false, timeouts: {implicit: 0, pageLoad: 300000, script: 30000}, unhandledPromptBehavior: dismiss and notify, webauthn:extension:largeBlob: true, webauthn:virtualAuthenticators: true}&#10;Session ID: 8990467885477a3c81b6d3fad2c37dc9&#10;*** Element info: {Using=xpath, value=//span[text()='Organizations']}&#13;&#10;&#9;at sun.reflect.NativeConstructorAccessorImpl.newInstance0(Native Method)&#13;&#10;&#9;at sun.reflect.NativeConstructorAccessorImpl.newInstance(NativeConstructorAccessorImpl.java:62)&#13;&#10;&#9;at sun.reflect.DelegatingConstructorAccessorImpl.newInstance(DelegatingConstructorAccessorImpl.java:45)&#13;&#10;&#9;at java.lang.reflect.Constructor.newInstance(Constructor.java:423)&#13;&#10;&#9;at org.openqa.selenium.remote.http.W3CHttpResponseCodec.createException(W3CHttpResponseCodec.java:187)&#13;&#10;&#9;at org.openqa.selenium.remote.http.W3CHttpResponseCodec.decode(W3CHttpResponseCodec.java:122)&#13;&#10;&#9;at org.openqa.selenium.remote.http.W3CHttpResponseCodec.decode(W3CHttpResponseCodec.java:49)&#13;&#10;&#9;at org.openqa.selenium.remote.HttpCommandExecutor.execute(HttpCommandExecutor.java:158)&#13;&#10;&#9;at org.openqa.selenium.remote.service.DriverCommandExecutor.execute(DriverCommandExecutor.java:83)&#13;&#10;&#9;at org.openqa.selenium.remote.RemoteWebDriver.execute(RemoteWebDriver.java:552)&#13;&#10;&#9;at org.openqa.selenium.remote.RemoteWebDriver.findElement(RemoteWebDriver.java:323)&#13;&#10;&#9;at org.openqa.selenium.remote.RemoteWebDriver.findElementByXPath(RemoteWebDriver.java:428)&#13;&#10;&#9;at org.openqa.selenium.By$ByXPath.findElement(By.java:353)&#13;&#10;&#9;at org.openqa.selenium.remote.RemoteWebDriver.findElement(RemoteWebDriver.java:315)&#13;&#10;&#9;at com.pega.framework.WaitHandlerImpl$2.apply(WaitHandlerImpl.java:307)&#13;&#10;&#9;at com.pega.framework.WaitHandlerImpl$2.apply(WaitHandlerImpl.java:305)&#13;&#10;&#9;at org.openqa.selenium.support.ui.FluentWait.until(FluentWait.java:249)&#13;&#10;&#9;at com.pega.framework.WaitHandlerImpl.waitForElementPresence(WaitHandlerImpl.java:213)&#13;&#10;&#9;at com.pega.framework.WaitHandlerImpl.waitForElementPresence(WaitHandlerImpl.java:206)&#13;&#10;&#9;at com.pega.framework.PegaWebDriverImpl.findElement(PegaWebDriverImpl.java:83)&#13;&#10;&#9;at com.pega.page.TopDocumentImpl.findElement(TopDocumentImpl.java:50)&#13;&#10;&#9;at com.pega.page.TopDocumentImpl.findElement(TopDocumentImpl.java:55)&#13;&#10;&#9;at com.pega.crm.customerservice.tiles.impl.PegaLeftNav.getOrganizationList(PegaLeftNav.java:75)&#13;&#10;&#9;at com.pega.CRMBrowser.navigates_to_page(CRMBrowser.java:154)&#13;&#10;&#9;at ✽.Given navigates to &quot;Organizations&quot; List page(salesautomation/features/Organization.feature:10)&#13;&#10;"><![CDATA[Given User logs in to SA Application as salesmanager........................passed
Given navigates to "Organizations" List page................................failed
When SalesOps navigates to Organization tab to Create Org...................skipped
Then Verify that user navigates to Organization tab.........................skipped
When SalesOps clicks on Create Oranization button...........................skipped
Then verify that Organization New harness is displayed......................skipped
When SalesOps enters the data and submits...................................skipped
Then verify that Organization Wo is created.................................skipped

StackTrace:
org.openqa.selenium.WebDriverException: chrome not reachable
  (Session info: chrome=89.0.4389.82)
Build info: version: '3.141.59', revision: 'e82be7d358', time: '2018-11-14T08:17:03'
System info: host: 'DESKTOP-4GOC9V2', ip: '192.168.29.157', os.name: 'Windows 10', os.arch: 'amd64', os.version: '10.0', java.version: '1.8.0_281'
Driver info: org.openqa.selenium.chrome.ChromeDriver
Capabilities {acceptInsecureCerts: false, browserName: chrome, browserVersion: 89.0.4389.82, chrome: {chromedriverVersion: 89.0.4389.23 (61b08ee2c5002..., userDataDir: C:\Users\KARTHI~1\AppData\L...}, goog:chromeOptions: {debuggerAddress: localhost:52812}, javascriptEnabled: true, networkConnectionEnabled: false, pageLoadStrategy: normal, platform: WINDOWS, platformName: WINDOWS, proxy: Proxy(), setWindowRect: true, strictFileInteractability: false, timeouts: {implicit: 0, pageLoad: 300000, script: 30000}, unhandledPromptBehavior: dismiss and notify, webauthn:extension:largeBlob: true, webauthn:virtualAuthenticators: true}
Session ID: 8990467885477a3c81b6d3fad2c37dc9
*** Element info: {Using=xpath, value=//span[text()='Organizations']}
	at sun.reflect.NativeConstructorAccessorImpl.newInstance0(Native Method)
	at sun.reflect.NativeConstructorAccessorImpl.newInstance(NativeConstructorAccessorImpl.java:62)
	at sun.reflect.DelegatingConstructorAccessorImpl.newInstance(DelegatingConstructorAccessorImpl.java:45)
	at java.lang.reflect.Constructor.newInstance(Constructor.java:423)
	at org.openqa.selenium.remote.http.W3CHttpResponseCodec.createException(W3CHttpResponseCodec.java:187)
	at org.openqa.selenium.remote.http.W3CHttpResponseCodec.decode(W3CHttpResponseCodec.java:122)
	at org.openqa.selenium.remote.http.W3CHttpResponseCodec.decode(W3CHttpResponseCodec.java:49)
	at org.openqa.selenium.remote.HttpCommandExecutor.execute(HttpCommandExecutor.java:158)
	at org.openqa.selenium.remote.service.DriverCommandExecutor.execute(DriverCommandExecutor.java:83)
	at org.openqa.selenium.remote.RemoteWebDriver.execute(RemoteWebDriver.java:552)
	at org.openqa.selenium.remote.RemoteWebDriver.findElement(RemoteWebDriver.java:323)
	at org.openqa.selenium.remote.RemoteWebDriver.findElementByXPath(RemoteWebDriver.java:428)
	at org.openqa.selenium.By$ByXPath.findElement(By.java:353)
	at org.openqa.selenium.remote.RemoteWebDriver.findElement(RemoteWebDriver.java:315)
	at com.pega.framework.WaitHandlerImpl$2.apply(WaitHandlerImpl.java:307)
	at com.pega.framework.WaitHandlerImpl$2.apply(WaitHandlerImpl.java:305)
	at org.openqa.selenium.support.ui.FluentWait.until(FluentWait.java:249)
	at com.pega.framework.WaitHandlerImpl.waitForElementPresence(WaitHandlerImpl.java:213)
	at com.pega.framework.WaitHandlerImpl.waitForElementPresence(WaitHandlerImpl.java:206)
	at com.pega.framework.PegaWebDriverImpl.findElement(PegaWebDriverImpl.java:83)
	at com.pega.page.TopDocumentImpl.findElement(TopDocumentImpl.java:50)
	at com.pega.page.TopDocumentImpl.findElement(TopDocumentImpl.java:55)
	at com.pega.crm.customerservice.tiles.impl.PegaLeftNav.getOrganizationList(PegaLeftNav.java:75)
	at com.pega.CRMBrowser.navigates_to_page(CRMBrowser.java:154)
	at ✽.Given navigates to "Organizations" List page(salesautomation/features/Organization.feature:10)
]]></failure>
</testcase>
</testsuite>
