<?xml version="1.0" encoding="UTF-8"?>
<testng-results skipped="0" failed="0" total="1" passed="1">
  <reporter-output>
    <line>
      <![CDATA[Implementation class for TestEnvironment interface is: com.pega.MyTestEnvironment]]>
    </line>
    <line>
      <![CDATA[<div "featureFile">Feature File: features&#x2F;CSSmokeTest.feature</div>]]>
    </line>
    <line>
      <![CDATA[<div "feature">Feature: CS Smoke Test cases</div>]]>
    </line>
    <line>
      <![CDATA[Unable to read execution.properties file]]>
    </line>
    <line>
      <![CDATA[Error updating status]]>
    </line>
    <line>
      <![CDATA[<div "scenario">Scenario: Create new contact and run update contact profile</div>]]>
    </line>
    <line>
      <![CDATA[<div "result">Given  a user is on login page of CS Portal (passed : 0s)</div>]]>
    </line>
    <line>
      <![CDATA[<div "result">When  CS operator logs in to the portal &quot;mikejones&quot; and &quot;install12345!&quot; (passed : 14s)</div>]]>
    </line>
    <line>
      <![CDATA[<div "result">Then  Verify Operator name &quot;Mike Jones&quot; (passed : 0s)</div>]]>
    </line>
    <line>
      <![CDATA[<div "result">When  CSR launched the New Phone Interaction (passed : 12s)</div>]]>
    </line>
    <line>
      <![CDATA[<div "result">When  Search for the Customer with Contact Name &quot;testcontact_name&quot; (passed : 8s)</div>]]>
    </line>
    <line>
      <![CDATA[<div "result">Then  verify no contact is present and create new contact option is available (passed : 0s)</div>]]>
    </line>
    <line>
      <![CDATA[<div "result">When  CSR opens the create contact flow (passed : 2s)</div>]]>
    </line>
    <line>
      <![CDATA[<div "result">Then  Enter mandatory fields &quot;New Contact FN&quot; and &quot;New Contact LN&quot; and &quot;testcontactmailid&quot; and submit (passed : 19s)</div>]]>
    </line>
    <line>
      <![CDATA[<div "result">When  Click on Add Task to launch Service Process (passed : 5s)</div>]]>
    </line>
    <line>
      <![CDATA[<div "result">When  Launch &quot;Update Contact Profile&quot; service process (passed : 36s)</div>]]>
    </line>
    <line>
      <![CDATA[<div "result">When  select the verification questions for service cases and click on verified (passed : 0s)</div>]]>
    </line>
    <line>
      <![CDATA[<div "result">Then  update DOB &quot;01&#x2F;07&#x2F;1990&quot; and Gender &quot;M&quot; and Marital Status &quot;Single&quot; (passed : 11s)</div>]]>
    </line>
    <line>
      <![CDATA[<div "result">Then  update the primary address (passed : 17s)</div>]]>
    </line>
    <line>
      <![CDATA[<div "result">Then  update communication preference method &quot;Mail&quot; time &quot;8am-10am&quot; and language to &quot;English&quot; (passed : 13s)</div>]]>
    </line>
    <line>
      <![CDATA[<div "result">Then  Submit the changes made (passed : 37s)</div>]]>
    </line>
    <line>
      <![CDATA[<div "result">When  confirm the changes made (passed : 33s)</div>]]>
    </line>
    <line>
      <![CDATA[<div "result">When  launch warpup to complete the interaction (passed : 10s)</div>]]>
    </line>
    <line>
      <![CDATA[<div "result">Then  verify the wrapup dialog (passed : 0s)</div>]]>
    </line>
    <line>
      <![CDATA[<div "result">When  complete the wrap up (passed : 7s)</div>]]>
    </line>
    <line>
      <![CDATA[<div "result">Then  User will be navigated to the portal (passed : 0s)</div>]]>
    </line>
    <line>
      <![CDATA[<div "result">When  Operator logs of the portal (passed : 0s)</div>]]>
    </line>
    <line>
      <![CDATA[Browser terminated...]]>
    </line>
    <line>
      <![CDATA[Driver processes killed...]]>
    </line>
    <line>
      <![CDATA[Error updating status]]>
    </line>
  </reporter-output>
  <suite name="Surefire suite" duration-ms="248041" started-at="2018-09-26T07:04:27Z" finished-at="2018-09-26T07:08:35Z">
    <groups>
      <group name="cucumber">
        <method signature="AbstractTestNGCucumberTests.run_cukes()[pri:0, instance:RunCukesTest@2cb4c3ab]" name="run_cukes" class="cucumber.api.testng.AbstractTestNGCucumberTests"/>
      </group> <!-- cucumber -->
    </groups>
    <test name="Surefire test" duration-ms="248041" started-at="2018-09-26T07:04:27Z" finished-at="2018-09-26T07:08:35Z">
      <class name="RunCukesTest">
        <test-method status="PASS" signature="run_cukes()[pri:0, instance:RunCukesTest@2cb4c3ab]" name="run_cukes" duration-ms="248028" started-at="2018-09-26T12:34:27Z" description="Runs Cucumber Features" finished-at="2018-09-26T12:38:35Z">
          <reporter-output>
            <line>
              <![CDATA[Implementation class for TestEnvironment interface is: com.pega.MyTestEnvironment]]>
            </line>
            <line>
              <![CDATA[<div "featureFile">Feature File: features&#x2F;CSSmokeTest.feature</div>]]>
            </line>
            <line>
              <![CDATA[<div "feature">Feature: CS Smoke Test cases</div>]]>
            </line>
            <line>
              <![CDATA[Unable to read execution.properties file]]>
            </line>
            <line>
              <![CDATA[Error updating status]]>
            </line>
            <line>
              <![CDATA[<div "scenario">Scenario: Create new contact and run update contact profile</div>]]>
            </line>
            <line>
              <![CDATA[<div "result">Given  a user is on login page of CS Portal (passed : 0s)</div>]]>
            </line>
            <line>
              <![CDATA[<div "result">When  CS operator logs in to the portal &quot;mikejones&quot; and &quot;install12345!&quot; (passed : 14s)</div>]]>
            </line>
            <line>
              <![CDATA[<div "result">Then  Verify Operator name &quot;Mike Jones&quot; (passed : 0s)</div>]]>
            </line>
            <line>
              <![CDATA[<div "result">When  CSR launched the New Phone Interaction (passed : 12s)</div>]]>
            </line>
            <line>
              <![CDATA[<div "result">When  Search for the Customer with Contact Name &quot;testcontact_name&quot; (passed : 8s)</div>]]>
            </line>
            <line>
              <![CDATA[<div "result">Then  verify no contact is present and create new contact option is available (passed : 0s)</div>]]>
            </line>
            <line>
              <![CDATA[<div "result">When  CSR opens the create contact flow (passed : 2s)</div>]]>
            </line>
            <line>
              <![CDATA[<div "result">Then  Enter mandatory fields &quot;New Contact FN&quot; and &quot;New Contact LN&quot; and &quot;testcontactmailid&quot; and submit (passed : 19s)</div>]]>
            </line>
            <line>
              <![CDATA[<div "result">When  Click on Add Task to launch Service Process (passed : 5s)</div>]]>
            </line>
            <line>
              <![CDATA[<div "result">When  Launch &quot;Update Contact Profile&quot; service process (passed : 36s)</div>]]>
            </line>
            <line>
              <![CDATA[<div "result">When  select the verification questions for service cases and click on verified (passed : 0s)</div>]]>
            </line>
            <line>
              <![CDATA[<div "result">Then  update DOB &quot;01&#x2F;07&#x2F;1990&quot; and Gender &quot;M&quot; and Marital Status &quot;Single&quot; (passed : 11s)</div>]]>
            </line>
            <line>
              <![CDATA[<div "result">Then  update the primary address (passed : 17s)</div>]]>
            </line>
            <line>
              <![CDATA[<div "result">Then  update communication preference method &quot;Mail&quot; time &quot;8am-10am&quot; and language to &quot;English&quot; (passed : 13s)</div>]]>
            </line>
            <line>
              <![CDATA[<div "result">Then  Submit the changes made (passed : 37s)</div>]]>
            </line>
            <line>
              <![CDATA[<div "result">When  confirm the changes made (passed : 33s)</div>]]>
            </line>
            <line>
              <![CDATA[<div "result">When  launch warpup to complete the interaction (passed : 10s)</div>]]>
            </line>
            <line>
              <![CDATA[<div "result">Then  verify the wrapup dialog (passed : 0s)</div>]]>
            </line>
            <line>
              <![CDATA[<div "result">When  complete the wrap up (passed : 7s)</div>]]>
            </line>
            <line>
              <![CDATA[<div "result">Then  User will be navigated to the portal (passed : 0s)</div>]]>
            </line>
            <line>
              <![CDATA[<div "result">When  Operator logs of the portal (passed : 0s)</div>]]>
            </line>
            <line>
              <![CDATA[Browser terminated...]]>
            </line>
            <line>
              <![CDATA[Driver processes killed...]]>
            </line>
            <line>
              <![CDATA[Error updating status]]>
            </line>
          </reporter-output>
        </test-method> <!-- run_cukes -->
      </class> <!-- RunCukesTest -->
    </test> <!-- Surefire test -->
  </suite> <!-- Surefire suite -->
</testng-results>
