<?xml version="1.0" encoding="UTF-8"?>
<testsuite name="TestSuite" time="46.297" tests="1" errors="0" skipped="0" failures="1">
  <properties>
[...]
</properties>
  <testcase name="feature" classname="RunCukesTest" time="46.297">
    <failure message="org.openqa.selenium.NoSuchWindowException: no such window: target window already closed&#10;from unknown error: web view not found&#10;  (Session info: chrome=89.0.4389.82)&#10;Build info: version: &apos;3.141.59&apos;, revision: &apos;e82be7d358&apos;, time: &apos;2018-11-14T08:17:03&apos;&#10;System info: host: &apos;DESKTOP-4GOC9V2&apos;, ip: &apos;192.168.29.157&apos;, os.name: &apos;Windows 10&apos;, os.arch: &apos;amd64&apos;, os.version: &apos;10.0&apos;, java.version: &apos;1.8.0_281&apos;&#10;Driver info: org.openqa.selenium.chrome.ChromeDriver&#10;Capabilities {acceptInsecureCerts: false, browserName: chrome, browserVersion: 89.0.4389.82, chrome: {chromedriverVersion: 89.0.4389.23 (61b08ee2c5002..., userDataDir: C:\Users\KARTHI~1\AppData\L...}, goog:chromeOptions: {debuggerAddress: localhost:63724}, javascriptEnabled: true, networkConnectionEnabled: false, pageLoadStrategy: normal, platform: WINDOWS, platformName: WINDOWS, proxy: Proxy(), setWindowRect: true, strictFileInteractability: false, timeouts: {implicit: 0, pageLoad: 300000, script: 30000}, unhandledPromptBehavior: dismiss and notify, webauthn:extension:largeBlob: true, webauthn:virtualAuthenticators: true}&#10;Session ID: f70dff15a5758f6334b2d545c0c1c15d&#10;*** Element info: {Using=tag name, value=iframe}" type="cucumber.runtime.CucumberException">cucumber.runtime.CucumberException: org.openqa.selenium.NoSuchWindowException: no such window: target window already closed
from unknown error: web view not found
  (Session info: chrome=89.0.4389.82)
Build info: version: '3.141.59', revision: 'e82be7d358', time: '2018-11-14T08:17:03'
System info: host: 'DESKTOP-4GOC9V2', ip: '192.168.29.157', os.name: 'Windows 10', os.arch: 'amd64', os.version: '10.0', java.version: '1.8.0_281'
Driver info: org.openqa.selenium.chrome.ChromeDriver
Capabilities {acceptInsecureCerts: false, browserName: chrome, browserVersion: 89.0.4389.82, chrome: {chromedriverVersion: 89.0.4389.23 (61b08ee2c5002..., userDataDir: C:\Users\KARTHI~1\AppData\L...}, goog:chromeOptions: {debuggerAddress: localhost:63724}, javascriptEnabled: true, networkConnectionEnabled: false, pageLoadStrategy: normal, platform: WINDOWS, platformName: WINDOWS, proxy: Proxy(), setWindowRect: true, strictFileInteractability: false, timeouts: {implicit: 0, pageLoad: 300000, script: 30000}, unhandledPromptBehavior: dismiss and notify, webauthn:extension:largeBlob: true, webauthn:virtualAuthenticators: true}
Session ID: f70dff15a5758f6334b2d545c0c1c15d
*** Element info: {Using=tag name, value=iframe}
	at cucumber.api.testng.TestNGCucumberRunner.runCucumber(TestNGCucumberRunner.java:69)
	at cucumber.api.testng.AbstractTestNGCucumberTests.feature(AbstractTestNGCucumberTests.java:21)
	at sun.reflect.NativeMethodAccessorImpl.invoke0(Native Method)
	at sun.reflect.NativeMethodAccessorImpl.invoke(NativeMethodAccessorImpl.java:62)
	at sun.reflect.DelegatingMethodAccessorImpl.invoke(DelegatingMethodAccessorImpl.java:43)
	at java.lang.reflect.Method.invoke(Method.java:498)
	at org.testng.internal.MethodInvocationHelper.invokeMethod(MethodInvocationHelper.java:84)
	at org.testng.internal.Invoker.invokeMethod(Invoker.java:714)
	at org.testng.internal.Invoker.invokeTestMethod(Invoker.java:901)
	at org.testng.internal.Invoker.invokeTestMethods(Invoker.java:1231)
	at org.testng.internal.TestMethodWorker.invokeTestMethods(TestMethodWorker.java:127)
	at org.testng.internal.TestMethodWorker.run(TestMethodWorker.java:111)
	at org.testng.TestRunner.privateRun(TestRunner.java:767)
	at org.testng.TestRunner.run(TestRunner.java:617)
	at org.testng.SuiteRunner.runTest(SuiteRunner.java:348)
	at org.testng.SuiteRunner.runSequentially(SuiteRunner.java:343)
	at org.testng.SuiteRunner.privateRun(SuiteRunner.java:305)
	at org.testng.SuiteRunner.run(SuiteRunner.java:254)
	at org.testng.SuiteRunnerWorker.runSuite(SuiteRunnerWorker.java:52)
	at org.testng.SuiteRunnerWorker.run(SuiteRunnerWorker.java:86)
	at org.testng.TestNG.runSuitesSequentially(TestNG.java:1224)
	at org.testng.TestNG.runSuitesLocally(TestNG.java:1149)
	at org.testng.TestNG.run(TestNG.java:1057)
	at org.apache.maven.surefire.testng.TestNGExecutor.run(TestNGExecutor.java:115)
	at org.apache.maven.surefire.testng.TestNGDirectoryTestSuite.executeMulti(TestNGDirectoryTestSuite.java:205)
	at org.apache.maven.surefire.testng.TestNGDirectoryTestSuite.execute(TestNGDirectoryTestSuite.java:108)
	at org.apache.maven.surefire.testng.TestNGProvider.invoke(TestNGProvider.java:111)
	at org.apache.maven.surefire.booter.ForkedBooter.invokeProviderInSameClassLoader(ForkedBooter.java:203)
	at org.apache.maven.surefire.booter.ForkedBooter.runSuitesInProcess(ForkedBooter.java:155)
	at org.apache.maven.surefire.booter.ForkedBooter.main(ForkedBooter.java:103)
Caused by: org.openqa.selenium.NoSuchWindowException: no such window: target window already closed
from unknown error: web view not found
  (Session info: chrome=89.0.4389.82)
Build info: version: '3.141.59', revision: 'e82be7d358', time: '2018-11-14T08:17:03'
System info: host: 'DESKTOP-4GOC9V2', ip: '192.168.29.157', os.name: 'Windows 10', os.arch: 'amd64', os.version: '10.0', java.version: '1.8.0_281'
Driver info: org.openqa.selenium.chrome.ChromeDriver
Capabilities {acceptInsecureCerts: false, browserName: chrome, browserVersion: 89.0.4389.82, chrome: {chromedriverVersion: 89.0.4389.23 (61b08ee2c5002..., userDataDir: C:\Users\KARTHI~1\AppData\L...}, goog:chromeOptions: {debuggerAddress: localhost:63724}, javascriptEnabled: true, networkConnectionEnabled: false, pageLoadStrategy: normal, platform: WINDOWS, platformName: WINDOWS, proxy: Proxy(), setWindowRect: true, strictFileInteractability: false, timeouts: {implicit: 0, pageLoad: 300000, script: 30000}, unhandledPromptBehavior: dismiss and notify, webauthn:extension:largeBlob: true, webauthn:virtualAuthenticators: true}
Session ID: f70dff15a5758f6334b2d545c0c1c15d
*** Element info: {Using=tag name, value=iframe}
	at sun.reflect.NativeConstructorAccessorImpl.newInstance0(Native Method)
	at sun.reflect.NativeConstructorAccessorImpl.newInstance(NativeConstructorAccessorImpl.java:62)
	at sun.reflect.DelegatingConstructorAccessorImpl.newInstance(DelegatingConstructorAccessorImpl.java:45)
	at java.lang.reflect.Constructor.newInstance(Constructor.java:423)
	at org.openqa.selenium.remote.http.W3CHttpResponseCodec.createException(W3CHttpResponseCodec.java:187)
	at org.openqa.selenium.remote.http.W3CHttpResponseCodec.decode(W3CHttpResponseCodec.java:122)
	at org.openqa.selenium.remote.http.W3CHttpResponseCodec.decode(W3CHttpResponseCodec.java:49)
	at org.openqa.selenium.remote.HttpCommandExecutor.execute(HttpCommandExecutor.java:158)
	at org.openqa.selenium.remote.service.DriverCommandExecutor.execute(DriverCommandExecutor.java:83)
	at org.openqa.selenium.remote.RemoteWebDriver.execute(RemoteWebDriver.java:552)
	at org.openqa.selenium.remote.RemoteWebDriver.findElements(RemoteWebDriver.java:353)
	at org.openqa.selenium.remote.RemoteWebDriver.findElementsByTagName(RemoteWebDriver.java:400)
	at org.openqa.selenium.By$ByTagName.findElements(By.java:312)
	at org.openqa.selenium.remote.RemoteWebDriver.findElements(RemoteWebDriver.java:311)
	at com.pega.framework.PegaWebDriverImpl.findElements(PegaWebDriverImpl.java:172)
	at com.pega.sync.Throbber.isThrobbingOnAllFrames(Throbber.java:124)
	at com.pega.sync.Throbber.waitForThrobber(Throbber.java:103)
	at com.pega.sync.Throbber.waitForNoThrobber(Throbber.java:58)
	at com.pega.sync.Throbber.waitForNoThrobber(Throbber.java:94)
	at com.pega.framework.WaitHandlerImpl.waitForNoThrobber(WaitHandlerImpl.java:256)
	at com.pega.framework.PegaWebElementImpl.click(PegaWebElementImpl.java:508)
	at com.pega.framework.PegaWebElementImpl.click(PegaWebElementImpl.java:402)
	at com.pega.crm.customerservice.tiles.impl.PegaLeftNav.launchJobApplication(PegaLeftNav.java:193)
	at com.pega.CRMBrowser.navigates_to_page(CRMBrowser.java:218)
	at ✽.Given navigates to "Job Application" List page(salesautomation/features/Login.feature:7)
</failure>
    <system-out><![CDATA[Configuring TestNG with: TestNG652Configurator
Implementation class for TestEnvironment interface is: com.pega.CRMTestEnvironment
@PELogin
Feature: Personal edition scenarios
12:50:04.872 [main] INFO  com.pega.config.SUTConfig - Setting is.pipeline.run property to false
12:50:04.930 [main] INFO  com.pega.config.SUTConfig - Debug mode is: false
12:50:04.931 [main] INFO  com.pega.TestEnvironmentImpl - Logger level is set to : INFO
12:50:05.243 [main] INFO  com.pega.config.util.GetChromeDriver - yes chrome.exe exists
12:50:05.499 [main] INFO  com.pega.config.util.GetChromeDriver - current driver version is 89.0.4389.23
12:50:05.501 [main] INFO  com.pega.config.util.GetChromeDriver - current version of chrome 89.0.4389.23
12:50:07.255 [main] INFO  com.pega.config.util.GetChromeDriver - Chrome Version: 89	ChromeDriver version needed:89.0.4389.23
12:50:07.255 [main] INFO  com.pega.config.util.GetChromeDriver - Required chromedriver version is already available. Not attempting to download any new version
12:50:10.318 [main] INFO  com.pega.drivers.PegaChromeDriver - Chrome Driver launched successfully
12:50:10.489 [main] INFO  com.pega.TestEnvironmentImpl - Driver is initialised::ChromeDriver: chrome on WINDOWS (f70dff15a5758f6334b2d545c0c1c15d)
12:50:10.490 [main] INFO  com.pega.Browser - Opening the URL
12:50:13.784 [main] INFO  com.pega.Browser - Opening the URL
12:50:13.933 [main] INFO  com.pega.Browser - Logging in the user
12:50:13.939 [main] INFO  com.pega.framework.PegaWebDriver - element identification by logic:By.id: txtUserID
12:50:14.078 [main] INFO  com.pega.framework.PegaWebDriver - element identification by logic:By.id: txtPassword
12:50:14.333 [main] INFO  com.pega.framework.PegaWebDriver - element identification by logic:By.name: pyActivity=Code-Security.Login
12:50:16.903 [main] INFO  com.pega.sync.WaitForDocStateReady - Document currently active, waiting entire document to load
...............
12:50:17.767 [main] INFO  com.pega.framework.PegaWebDriver - element identification by logic:By.xpath: //*[@title='New']
12:50:17.981 [main] INFO  com.pega.sync.WaitForDocStateReady - Document currently active, waiting entire document to load

12:50:19.109 [main] INFO  com.pega.sync.Throbber - Throbbing never started
12:50:19.144 [main] INFO  com.pega.framework.PegaWebDriver - element identification by logic:By.xpath: //*[@title='Job Application']
12:50:24.472 [main] INFO  com.pega.sync.WaitForDocStateReady - Document currently active, waiting entire document to load
..
12:50:44.779 [main] ERROR com.pega.framework.WaitHandler - Error while waiting for throbber in verifyAndWaitIfThrobberPresent():no such window: target window already closed
from unknown error: web view not found
  (Session info: chrome=89.0.4389.82)
Build info: version: '3.141.59', revision: 'e82be7d358', time: '2018-11-14T08:17:03'
System info: host: 'DESKTOP-4GOC9V2', ip: '192.168.29.157', os.name: 'Windows 10', os.arch: 'amd64', os.version: '10.0', java.version: '1.8.0_281'
Driver info: org.openqa.selenium.chrome.ChromeDriver
Capabilities {acceptInsecureCerts: false, browserName: chrome, browserVersion: 89.0.4389.82, chrome: {chromedriverVersion: 89.0.4389.23 (61b08ee2c5002..., userDataDir: C:\Users\KARTHI~1\AppData\L...}, goog:chromeOptions: {debuggerAddress: localhost:63724}, javascriptEnabled: true, networkConnectionEnabled: false, pageLoadStrategy: normal, platform: WINDOWS, platformName: WINDOWS, proxy: Proxy(), setWindowRect: true, strictFileInteractability: false, timeouts: {implicit: 0, pageLoad: 300000, script: 30000}, unhandledPromptBehavior: dismiss and notify, webauthn:extension:largeBlob: true, webauthn:virtualAuthenticators: true}
Session ID: f70dff15a5758f6334b2d545c0c1c15d
*** Element info: {Using=xpath, value=//*[@class='throbber']}
&amp#27;[34mUnable to take screenshot<br/>&amp#27;[0m

  @TC-login
  Scenario: Logging in to Personal Edition         &amp#27;[90m# salesautomation/features/Login.feature:5&amp#27;[0m
    &amp#27;[32mGiven &amp#27;[0m&amp#27;[32mUser logs in to Application as Recruiter&amp#27;[0m &amp#27;[90m# CRMBrowser.user_logs_in_to_Application_as_Recruiter()&amp#27;[0m
    &amp#27;[31mGiven &amp#27;[0m&amp#27;[31mnavigates to "&amp#27;[0m&amp#27;[31m&amp#27;[1mJob Application&amp#27;[0m&amp#27;[31m" List page&amp#27;[0m &amp#27;[90m# CRMBrowser.navigates_to_page(String)&amp#27;[0m
      &amp#27;[31morg.openqa.selenium.NoSuchWindowException: no such window: target window already closed
      from unknown error: web view not found
        (Session info: chrome=89.0.4389.82)
      Build info: version: '3.141.59', revision: 'e82be7d358', time: '2018-11-14T08:17:03'
      System info: host: 'DESKTOP-4GOC9V2', ip: '192.168.29.157', os.name: 'Windows 10', os.arch: 'amd64', os.version: '10.0', java.version: '1.8.0_281'
      Driver info: org.openqa.selenium.chrome.ChromeDriver
      Capabilities {acceptInsecureCerts: false, browserName: chrome, browserVersion: 89.0.4389.82, chrome: {chromedriverVersion: 89.0.4389.23 (61b08ee2c5002..., userDataDir: C:\Users\KARTHI~1\AppData\L...}, goog:chromeOptions: {debuggerAddress: localhost:63724}, javascriptEnabled: true, networkConnectionEnabled: false, pageLoadStrategy: normal, platform: WINDOWS, platformName: WINDOWS, proxy: Proxy(), setWindowRect: true, strictFileInteractability: false, timeouts: {implicit: 0, pageLoad: 300000, script: 30000}, unhandledPromptBehavior: dismiss and notify, webauthn:extension:largeBlob: true, webauthn:virtualAuthenticators: true}
      Session ID: f70dff15a5758f6334b2d545c0c1c15d
      *** Element info: {Using=tag name, value=iframe}
      	at sun.reflect.NativeConstructorAccessorImpl.newInstance0(Native Method)
      	at sun.reflect.NativeConstructorAccessorImpl.newInstance(NativeConstructorAccessorImpl.java:62)
      	at sun.reflect.DelegatingConstructorAccessorImpl.newInstance(DelegatingConstructorAccessorImpl.java:45)
      	at java.lang.reflect.Constructor.newInstance(Constructor.java:423)
      	at org.openqa.selenium.remote.http.W3CHttpResponseCodec.createException(W3CHttpResponseCodec.java:187)
      	at org.openqa.selenium.remote.http.W3CHttpResponseCodec.decode(W3CHttpResponseCodec.java:122)
      	at org.openqa.selenium.remote.http.W3CHttpResponseCodec.decode(W3CHttpResponseCodec.java:49)
      	at org.openqa.selenium.remote.HttpCommandExecutor.execute(HttpCommandExecutor.java:158)
      	at org.openqa.selenium.remote.service.DriverCommandExecutor.execute(DriverCommandExecutor.java:83)
      	at org.openqa.selenium.remote.RemoteWebDriver.execute(RemoteWebDriver.java:552)
      	at org.openqa.selenium.remote.RemoteWebDriver.findElements(RemoteWebDriver.java:353)
      	at org.openqa.selenium.remote.RemoteWebDriver.findElementsByTagName(RemoteWebDriver.java:400)
      	at org.openqa.selenium.By$ByTagName.findElements(By.java:312)
      	at org.openqa.selenium.remote.RemoteWebDriver.findElements(RemoteWebDriver.java:311)
      	at com.pega.framework.PegaWebDriverImpl.findElements(PegaWebDriverImpl.java:172)
      	at com.pega.sync.Throbber.isThrobbingOnAllFrames(Throbber.java:124)
      	at com.pega.sync.Throbber.waitForThrobber(Throbber.java:103)
      	at com.pega.sync.Throbber.waitForNoThrobber(Throbber.java:58)
      	at com.pega.sync.Throbber.waitForNoThrobber(Throbber.java:94)
      	at com.pega.framework.WaitHandlerImpl.waitForNoThrobber(WaitHandlerImpl.java:256)
      	at com.pega.framework.PegaWebElementImpl.click(PegaWebElementImpl.java:508)
      	at com.pega.framework.PegaWebElementImpl.click(PegaWebElementImpl.java:402)
      	at com.pega.crm.customerservice.tiles.impl.PegaLeftNav.launchJobApplication(PegaLeftNav.java:193)
      	at com.pega.CRMBrowser.navigates_to_page(CRMBrowser.java:218)
      	at âœ½.Given navigates to "Job Application" List page(salesautomation/features/Login.feature:7)
      &amp#27;[0m
]]></system-out>
    <system-err><![CDATA[Starting ChromeDriver 89.0.4389.23 (61b08ee2c50024bab004e48d2b1b083cdbdac579-refs/branch-heads/4389@{#294}) on port 22239
Only local connections are allowed.
Please see https://chromedriver.chromium.org/security-considerations for suggestions on keeping ChromeDriver safe.
ChromeDriver was started successfully.
[1615447209.056][WARNING]: Deprecated chrome option is ignored: useAutomationExtension
[1615447209.056][WARNING]: Deprecated chrome option is ignored: useAutomationExtension
Mar 11, 2021 12:50:10 PM org.openqa.selenium.remote.ProtocolHandshake createSession
INFO: Detected dialect: W3C
]]></system-err>
  </testcase>
</testsuite>