<?xml version="1.0" encoding="UTF-8"?>
<testsuite name="TestSuite" time="27.932" tests="1" errors="0" skipped="0" failures="1">
  <properties>
[...]
</properties>
  <testcase name="feature" classname="RunCukesTest" time="27.932">
    <failure message="org.openqa.selenium.ElementNotInteractableException: element not interactable&#10;  (Session info: chrome=88.0.4324.190)&#10;Build info: version: &apos;3.141.59&apos;, revision: &apos;e82be7d358&apos;, time: &apos;2018-11-14T08:17:03&apos;&#10;System info: host: &apos;DESKTOP-VKREOAL&apos;, ip: &apos;192.168.1.42&apos;, os.name: &apos;Windows 10&apos;, os.arch: &apos;amd64&apos;, os.version: &apos;10.0&apos;, java.version: &apos;1.8.0_121&apos;&#10;Driver info: org.openqa.selenium.chrome.ChromeDriver&#10;Capabilities {acceptInsecureCerts: false, browserName: chrome, browserVersion: 88.0.4324.190, chrome: {chromedriverVersion: 88.0.4324.96 (68dba2d8a0b14..., userDataDir: C:\Users\KALYAN~1\AppData\L...}, goog:chromeOptions: {debuggerAddress: localhost:52184}, javascriptEnabled: true, networkConnectionEnabled: false, pageLoadStrategy: normal, platform: WINDOWS, platformName: WINDOWS, proxy: Proxy(), setWindowRect: true, strictFileInteractability: false, timeouts: {implicit: 0, pageLoad: 300000, script: 30000}, unhandledPromptBehavior: dismiss and notify, webauthn:extension:largeBlob: true, webauthn:virtualAuthenticators: true}&#10;Session ID: 3fc0bcb4bcd511a17034681f4c166a95" type="cucumber.runtime.CucumberException">cucumber.runtime.CucumberException: org.openqa.selenium.ElementNotInteractableException: element not interactable
  (Session info: chrome=88.0.4324.190)
Build info: version: '3.141.59', revision: 'e82be7d358', time: '2018-11-14T08:17:03'
System info: host: 'DESKTOP-VKREOAL', ip: '192.168.1.42', os.name: 'Windows 10', os.arch: 'amd64', os.version: '10.0', java.version: '1.8.0_121'
Driver info: org.openqa.selenium.chrome.ChromeDriver
Capabilities {acceptInsecureCerts: false, browserName: chrome, browserVersion: 88.0.4324.190, chrome: {chromedriverVersion: 88.0.4324.96 (68dba2d8a0b14..., userDataDir: C:\Users\KALYAN~1\AppData\L...}, goog:chromeOptions: {debuggerAddress: localhost:52184}, javascriptEnabled: true, networkConnectionEnabled: false, pageLoadStrategy: normal, platform: WINDOWS, platformName: WINDOWS, proxy: Proxy(), setWindowRect: true, strictFileInteractability: false, timeouts: {implicit: 0, pageLoad: 300000, script: 30000}, unhandledPromptBehavior: dismiss and notify, webauthn:extension:largeBlob: true, webauthn:virtualAuthenticators: true}
Session ID: 3fc0bcb4bcd511a17034681f4c166a95
	at cucumber.api.testng.TestNGCucumberRunner.runCucumber(TestNGCucumberRunner.java:69)
	at cucumber.api.testng.AbstractTestNGCucumberTests.feature(AbstractTestNGCucumberTests.java:21)
	at sun.reflect.NativeMethodAccessorImpl.invoke0(Native Method)
	at sun.reflect.NativeMethodAccessorImpl.invoke(NativeMethodAccessorImpl.java:62)
	at sun.reflect.DelegatingMethodAccessorImpl.invoke(DelegatingMethodAccessorImpl.java:43)
	at java.lang.reflect.Method.invoke(Method.java:498)
	at org.testng.internal.MethodInvocationHelper.invokeMethod(MethodInvocationHelper.java:84)
	at org.testng.internal.Invoker.invokeMethod(Invoker.java:714)
	at org.testng.internal.Invoker.invokeTestMethod(Invoker.java:901)
	at org.testng.internal.Invoker.invokeTestMethods(Invoker.java:1231)
	at org.testng.internal.TestMethodWorker.invokeTestMethods(TestMethodWorker.java:127)
	at org.testng.internal.TestMethodWorker.run(TestMethodWorker.java:111)
	at org.testng.TestRunner.privateRun(TestRunner.java:767)
	at org.testng.TestRunner.run(TestRunner.java:617)
	at org.testng.SuiteRunner.runTest(SuiteRunner.java:348)
	at org.testng.SuiteRunner.runSequentially(SuiteRunner.java:343)
	at org.testng.SuiteRunner.privateRun(SuiteRunner.java:305)
	at org.testng.SuiteRunner.run(SuiteRunner.java:254)
	at org.testng.SuiteRunnerWorker.runSuite(SuiteRunnerWorker.java:52)
	at org.testng.SuiteRunnerWorker.run(SuiteRunnerWorker.java:86)
	at org.testng.TestNG.runSuitesSequentially(TestNG.java:1224)
	at org.testng.TestNG.runSuitesLocally(TestNG.java:1149)
	at org.testng.TestNG.run(TestNG.java:1057)
	at org.apache.maven.surefire.testng.TestNGExecutor.run(TestNGExecutor.java:115)
	at org.apache.maven.surefire.testng.TestNGDirectoryTestSuite.executeMulti(TestNGDirectoryTestSuite.java:205)
	at org.apache.maven.surefire.testng.TestNGDirectoryTestSuite.execute(TestNGDirectoryTestSuite.java:108)
	at org.apache.maven.surefire.testng.TestNGProvider.invoke(TestNGProvider.java:111)
	at org.apache.maven.surefire.booter.ForkedBooter.invokeProviderInSameClassLoader(ForkedBooter.java:203)
	at org.apache.maven.surefire.booter.ForkedBooter.runSuitesInProcess(ForkedBooter.java:155)
	at org.apache.maven.surefire.booter.ForkedBooter.main(ForkedBooter.java:103)
Caused by: org.openqa.selenium.ElementNotInteractableException: element not interactable
  (Session info: chrome=88.0.4324.190)
Build info: version: '3.141.59', revision: 'e82be7d358', time: '2018-11-14T08:17:03'
System info: host: 'DESKTOP-VKREOAL', ip: '192.168.1.42', os.name: 'Windows 10', os.arch: 'amd64', os.version: '10.0', java.version: '1.8.0_121'
Driver info: org.openqa.selenium.chrome.ChromeDriver
Capabilities {acceptInsecureCerts: false, browserName: chrome, browserVersion: 88.0.4324.190, chrome: {chromedriverVersion: 88.0.4324.96 (68dba2d8a0b14..., userDataDir: C:\Users\KALYAN~1\AppData\L...}, goog:chromeOptions: {debuggerAddress: localhost:52184}, javascriptEnabled: true, networkConnectionEnabled: false, pageLoadStrategy: normal, platform: WINDOWS, platformName: WINDOWS, proxy: Proxy(), setWindowRect: true, strictFileInteractability: false, timeouts: {implicit: 0, pageLoad: 300000, script: 30000}, unhandledPromptBehavior: dismiss and notify, webauthn:extension:largeBlob: true, webauthn:virtualAuthenticators: true}
Session ID: 3fc0bcb4bcd511a17034681f4c166a95
	at sun.reflect.NativeConstructorAccessorImpl.newInstance0(Native Method)
	at sun.reflect.NativeConstructorAccessorImpl.newInstance(NativeConstructorAccessorImpl.java:62)
	at sun.reflect.DelegatingConstructorAccessorImpl.newInstance(DelegatingConstructorAccessorImpl.java:45)
	at java.lang.reflect.Constructor.newInstance(Constructor.java:423)
	at org.openqa.selenium.remote.http.W3CHttpResponseCodec.createException(W3CHttpResponseCodec.java:187)
	at org.openqa.selenium.remote.http.W3CHttpResponseCodec.decode(W3CHttpResponseCodec.java:122)
	at org.openqa.selenium.remote.http.W3CHttpResponseCodec.decode(W3CHttpResponseCodec.java:49)
	at org.openqa.selenium.remote.HttpCommandExecutor.execute(HttpCommandExecutor.java:158)
	at org.openqa.selenium.remote.service.DriverCommandExecutor.execute(DriverCommandExecutor.java:83)
	at org.openqa.selenium.remote.RemoteWebDriver.execute(RemoteWebDriver.java:552)
	at org.openqa.selenium.remote.RemoteWebElement.execute(RemoteWebElement.java:285)
	at org.openqa.selenium.remote.RemoteWebElement.click(RemoteWebElement.java:84)
	at com.pega.framework.PegaWebElementImpl.click(PegaWebElementImpl.java:500)
	at com.pega.framework.PegaWebElementImpl.click(PegaWebElementImpl.java:402)
	at com.pega.crm.customerservice.tiles.impl.PegaLeftNav.launchExpenseReport(PegaLeftNav.java:210)
	at com.pega.CRMBrowser.navigates_to_page(CRMBrowser.java:223)
	at ✽.Given navigates to "Expense Report" List page(salesautomation/features/PersonalEdition.feature:15)
</failure>
    <system-out><![CDATA[Configuring TestNG with: TestNG652Configurator
Implementation class for TestEnvironment interface is: com.pega.CRMTestEnvironment
@PELogin
Feature: Personal edition scenarios
06:58:32.880 [main] INFO  com.pega.config.SUTConfig - Setting is.pipeline.run property to false
06:58:32.884 [main] INFO  com.pega.config.SUTConfig - Debug mode is: false
06:58:32.884 [main] INFO  com.pega.TestEnvironmentImpl - Logger level is set to : INFO
06:58:33.145 [main] INFO  com.pega.config.util.GetChromeDriver - yes chrome.exe exists
06:58:33.755 [main] INFO  com.pega.config.util.GetChromeDriver - current driver version is 88.0.4324.96
06:58:33.756 [main] INFO  com.pega.config.util.GetChromeDriver - current version of chrome 88.0.4324.96
06:58:35.390 [main] INFO  com.pega.config.util.GetChromeDriver - Chrome Version: 88	ChromeDriver version needed:88.0.4324.96
06:58:35.390 [main] INFO  com.pega.config.util.GetChromeDriver - Required chromedriver version is already available. Not attempting to download any new version
06:58:37.558 [main] INFO  com.pega.drivers.PegaChromeDriver - Chrome Driver launched successfully
06:58:37.712 [main] INFO  com.pega.TestEnvironmentImpl - Driver is initialised::ChromeDriver: chrome on WINDOWS (3fc0bcb4bcd511a17034681f4c166a95)
06:58:37.712 [main] INFO  com.pega.Browser - Opening the URL
06:58:38.696 [main] INFO  com.pega.Browser - Opening the URL
06:58:38.856 [main] INFO  com.pega.Browser - Logging in the user
06:58:38.859 [main] INFO  com.pega.framework.PegaWebDriver - element identification by logic:By.id: txtUserID
06:58:38.986 [main] INFO  com.pega.framework.PegaWebDriver - element identification by logic:By.id: txtPassword
06:58:39.255 [main] INFO  com.pega.framework.PegaWebDriver - element identification by logic:By.name: pyActivity=Code-Security.Login
06:58:41.283 [main] INFO  com.pega.sync.WaitForDocStateReady - Document currently active, waiting entire document to load
.......
06:58:42.187 [main] INFO  com.pega.framework.PegaWebDriver - element identification by logic:By.xpath: //*[@title='New']
06:58:42.490 [main] INFO  com.pega.sync.WaitForDocStateReady - Document currently active, waiting entire document to load

06:58:43.728 [main] INFO  com.pega.sync.Throbber - Throbbing never started
06:58:43.796 [main] INFO  com.pega.framework.PegaWebDriver - element identification by logic:By.xpath: //*[@title='Expense Report']

  @TC-ExpenseReport
  Scenario: Submitting an Expense Report           &amp#27;[90m# salesautomation/features/PersonalEdition.feature:13&amp#27;[0m
    &amp#27;[32mGiven &amp#27;[0m&amp#27;[32mUser logs in to Application as Recruiter&amp#27;[0m &amp#27;[90m# CRMBrowser.user_logs_in_to_Application_as_Recruiter()&amp#27;[0m
    &amp#27;[31mGiven &amp#27;[0m&amp#27;[31mnavigates to "&amp#27;[0m&amp#27;[31m&amp#27;[1mExpense Report&amp#27;[0m&amp#27;[31m" List page&amp#27;[0m  &amp#27;[90m# CRMBrowser.navigates_to_page(String)&amp#27;[0m
      &amp#27;[31morg.openqa.selenium.ElementNotInteractableException: element not interactable
        (Session info: chrome=88.0.4324.190)
      Build info: version: '3.141.59', revision: 'e82be7d358', time: '2018-11-14T08:17:03'
      System info: host: 'DESKTOP-VKREOAL', ip: '192.168.1.42', os.name: 'Windows 10', os.arch: 'amd64', os.version: '10.0', java.version: '1.8.0_121'
      Driver info: org.openqa.selenium.chrome.ChromeDriver
      Capabilities {acceptInsecureCerts: false, browserName: chrome, browserVersion: 88.0.4324.190, chrome: {chromedriverVersion: 88.0.4324.96 (68dba2d8a0b14..., userDataDir: C:\Users\KALYAN~1\AppData\L...}, goog:chromeOptions: {debuggerAddress: localhost:52184}, javascriptEnabled: true, networkConnectionEnabled: false, pageLoadStrategy: normal, platform: WINDOWS, platformName: WINDOWS, proxy: Proxy(), setWindowRect: true, strictFileInteractability: false, timeouts: {implicit: 0, pageLoad: 300000, script: 30000}, unhandledPromptBehavior: dismiss and notify, webauthn:extension:largeBlob: true, webauthn:virtualAuthenticators: true}
      Session ID: 3fc0bcb4bcd511a17034681f4c166a95
      	at sun.reflect.NativeConstructorAccessorImpl.newInstance0(Native Method)
      	at sun.reflect.NativeConstructorAccessorImpl.newInstance(NativeConstructorAccessorImpl.java:62)
      	at sun.reflect.DelegatingConstructorAccessorImpl.newInstance(DelegatingConstructorAccessorImpl.java:45)
      	at java.lang.reflect.Constructor.newInstance(Constructor.java:423)
      	at org.openqa.selenium.remote.http.W3CHttpResponseCodec.createException(W3CHttpResponseCodec.java:187)
      	at org.openqa.selenium.remote.http.W3CHttpResponseCodec.decode(W3CHttpResponseCodec.java:122)
      	at org.openqa.selenium.remote.http.W3CHttpResponseCodec.decode(W3CHttpResponseCodec.java:49)
      	at org.openqa.selenium.remote.HttpCommandExecutor.execute(HttpCommandExecutor.java:158)
      	at org.openqa.selenium.remote.service.DriverCommandExecutor.execute(DriverCommandExecutor.java:83)
      	at org.openqa.selenium.remote.RemoteWebDriver.execute(RemoteWebDriver.java:552)
      	at org.openqa.selenium.remote.RemoteWebElement.execute(RemoteWebElement.java:285)
      	at org.openqa.selenium.remote.RemoteWebElement.click(RemoteWebElement.java:84)
      	at com.pega.framework.PegaWebElementImpl.click(PegaWebElementImpl.java:500)
      	at com.pega.framework.PegaWebElementImpl.click(PegaWebElementImpl.java:402)
      	at com.pega.crm.customerservice.tiles.impl.PegaLeftNav.launchExpenseReport(PegaLeftNav.java:210)
      	at com.pega.CRMBrowser.navigates_to_page(CRMBrowser.java:223)
      	at âœ½.Given navigates to "Expense Report" List page(salesautomation/features/PersonalEdition.feature:15)
      &amp#27;[0m
    &amp#27;[36mThen &amp#27;[0m&amp#27;[36muser enters expense details&amp#27;[0m               &amp#27;[90m# CRMBrowser.user_enters_expense_details()&amp#27;[0m
    &amp#27;[36mThen &amp#27;[0m&amp#27;[36muser creates task and submits report&amp#27;[0m      &amp#27;[90m# CRMBrowser.user_creates_task_and_submits_report()&amp#27;[0m
    &amp#27;[36mAnd &amp#27;[0m&amp#27;[36muser will logout&amp#27;[0m                           &amp#27;[90m# CRMBrowser.user_will_logout()&amp#27;[0m
]]></system-out>
    <system-err><![CDATA[Starting ChromeDriver 88.0.4324.96 (68dba2d8a0b149a1d3afac56fa74648032bcf46b-refs/branch-heads/4324@{#1784}) on port 23610
Only local connections are allowed.
Please see https://chromedriver.chromium.org/security-considerations for suggestions on keeping ChromeDriver safe.
ChromeDriver was started successfully.
[1615685316.371][WARNING]: Deprecated chrome option is ignored: useAutomationExtension
[1615685316.371][WARNING]: Deprecated chrome option is ignored: useAutomationExtension
Mar 14, 2021 6:58:37 AM org.openqa.selenium.remote.ProtocolHandshake createSession
INFO: Detected dialect: W3C
]]></system-err>
  </testcase>
</testsuite>